Info: Starting: Create block symbol file (.bsf)
Info: qsys-generate D:\S7\archi_de_processeur\mini_projet\DE0_NANO_SOC_ADC_Source\DE0_NANO_SOC_QSYS.qsys --block-symbol-file --output-directory=D:\S7\archi_de_processeur\mini_projet\DE0_NANO_SOC_ADC_Source\DE0_NANO_SOC_QSYS --family="Cyclone V" --part=5CSEMA4U23C6
Progress: Loading DE0_NANO_SOC_ADC_Source/DE0_NANO_SOC_QSYS.qsys
Progress: Reading input file
Progress: Adding LED [altera_avalon_pio 17.0]
Progress: Parameterizing module LED
Progress: Adding adc_ltc2308 [adc_ltc2308 1.1]
Progress: Parameterizing module adc_ltc2308
Progress: Adding clk_50 [clock_source 17.0]
Progress: Parameterizing module clk_50
Progress: Adding jtag_uart [altera_avalon_jtag_uart 17.0]
Progress: Parameterizing module jtag_uart
Progress: Adding nios2_qsys [altera_nios2_qsys 16.1]
Progress: Parameterizing module nios2_qsys
Progress: Adding onchip_memory2 [altera_avalon_onchip_memory2 17.0]
Progress: Parameterizing module onchip_memory2
Progress: Adding pll_sys [altera_pll 17.0]
Progress: Parameterizing module pll_sys
Progress: Adding sw [altera_avalon_pio 17.0]
Progress: Parameterizing module sw
Progress: Adding sysid_qsys [altera_avalon_sysid_qsys 17.0]
Progress: Parameterizing module sysid_qsys
Progress: Adding telemetre_us_inst [telemetre_us 1.0]
Progress: Parameterizing module telemetre_us_inst
Progress: Building connections
Progress: Parameterizing connections
Progress: Validating
Progress: Done reading input file
Info: DE0_NANO_SOC_QSYS.jtag_uart: JTAG UART IP input clock need to be at least double (2x) the operating frequency of JTAG TCK on board
Warning: DE0_NANO_SOC_QSYS.nios2_qsys: Nios II Classic cores are no longer recommended for new projects
Info: DE0_NANO_SOC_QSYS.pll_sys: The legal reference clock frequency is 5.0 MHz..800.0 MHz
Info: DE0_NANO_SOC_QSYS.pll_sys: Able to implement PLL with user settings
Info: DE0_NANO_SOC_QSYS.sw: PIO inputs are not hardwired in test bench. Undefined values will be read from PIO inputs during simulation.
Info: DE0_NANO_SOC_QSYS.sysid_qsys: System ID is not assigned automatically. Edit the System ID parameter to provide a unique ID
Info: DE0_NANO_SOC_QSYS.sysid_qsys: Time stamp will be automatically updated when this component is generated.
Info: qsys-generate succeeded.
Info: Finished: Create block symbol file (.bsf)
Info: 
Info: Starting: Create HDL design files for synthesis
Info: qsys-generate D:\S7\archi_de_processeur\mini_projet\DE0_NANO_SOC_ADC_Source\DE0_NANO_SOC_QSYS.qsys --synthesis=VHDL --output-directory=D:\S7\archi_de_processeur\mini_projet\DE0_NANO_SOC_ADC_Source\DE0_NANO_SOC_QSYS\synthesis --family="Cyclone V" --part=5CSEMA4U23C6
Progress: Loading DE0_NANO_SOC_ADC_Source/DE0_NANO_SOC_QSYS.qsys
Progress: Reading input file
Progress: Adding LED [altera_avalon_pio 17.0]
Progress: Parameterizing module LED
Progress: Adding adc_ltc2308 [adc_ltc2308 1.1]
Progress: Parameterizing module adc_ltc2308
Progress: Adding clk_50 [clock_source 17.0]
Progress: Parameterizing module clk_50
Progress: Adding jtag_uart [altera_avalon_jtag_uart 17.0]
Progress: Parameterizing module jtag_uart
Progress: Adding nios2_qsys [altera_nios2_qsys 16.1]
Progress: Parameterizing module nios2_qsys
Progress: Adding onchip_memory2 [altera_avalon_onchip_memory2 17.0]
Progress: Parameterizing module onchip_memory2
Progress: Adding pll_sys [altera_pll 17.0]
Progress: Parameterizing module pll_sys
Progress: Adding sw [altera_avalon_pio 17.0]
Progress: Parameterizing module sw
Progress: Adding sysid_qsys [altera_avalon_sysid_qsys 17.0]
Progress: Parameterizing module sysid_qsys
Progress: Adding telemetre_us_inst [telemetre_us 1.0]
Progress: Parameterizing module telemetre_us_inst
Progress: Building connections
Progress: Parameterizing connections
Progress: Validating
Progress: Done reading input file
Info: DE0_NANO_SOC_QSYS.jtag_uart: JTAG UART IP input clock need to be at least double (2x) the operating frequency of JTAG TCK on board
Warning: DE0_NANO_SOC_QSYS.nios2_qsys: Nios II Classic cores are no longer recommended for new projects
Info: DE0_NANO_SOC_QSYS.pll_sys: The legal reference clock frequency is 5.0 MHz..800.0 MHz
Info: DE0_NANO_SOC_QSYS.pll_sys: Able to implement PLL with user settings
Info: DE0_NANO_SOC_QSYS.sw: PIO inputs are not hardwired in test bench. Undefined values will be read from PIO inputs during simulation.
Info: DE0_NANO_SOC_QSYS.sysid_qsys: System ID is not assigned automatically. Edit the System ID parameter to provide a unique ID
Info: DE0_NANO_SOC_QSYS.sysid_qsys: Time stamp will be automatically updated when this component is generated.
Info: DE0_NANO_SOC_QSYS: Generating DE0_NANO_SOC_QSYS "DE0_NANO_SOC_QSYS" for QUARTUS_SYNTH
Info: Inserting clock-crossing logic between cmd_demux.src1 and cmd_mux_001.sink0
Info: Inserting clock-crossing logic between rsp_demux_001.src0 and rsp_mux.sink1
Info: adc_ltc2308: "DE0_NANO_SOC_QSYS" instantiated adc_ltc2308 "adc_ltc2308"
Info: jtag_uart: Starting RTL generation for module 'DE0_NANO_SOC_QSYS_jtag_uart'
Info: jtag_uart:   Generation command is [exec D:/mypc/quartus/quartus/quartus/bin64/perl/bin/perl.exe -I D:/mypc/quartus/quartus/quartus/bin64/perl/lib -I D:/mypc/quartus/quartus/quartus/sopc_builder/bin/europa -I D:/mypc/quartus/quartus/quartus/sopc_builder/bin/perl_lib -I D:/mypc/quartus/quartus/quartus/sopc_builder/bin -I D:/mypc/quartus/quartus/quartus/../ip/altera/sopc_builder_ip/common -I D:/mypc/quartus/quartus/quartus/../ip/altera/sopc_builder_ip/altera_avalon_jtag_uart -- D:/mypc/quartus/quartus/quartus/../ip/altera/sopc_builder_ip/altera_avalon_jtag_uart/generate_rtl.pl --name=DE0_NANO_SOC_QSYS_jtag_uart --dir=C:/Users/24374/AppData/Local/Temp/alt8572_3494752404513213931.dir/0002_jtag_uart_gen/ --quartus_dir=D:/mypc/quartus/quartus/quartus --verilog --config=C:/Users/24374/AppData/Local/Temp/alt8572_3494752404513213931.dir/0002_jtag_uart_gen//DE0_NANO_SOC_QSYS_jtag_uart_component_configuration.pl  --do_build_sim=0  ]
Info: jtag_uart: Done RTL generation for module 'DE0_NANO_SOC_QSYS_jtag_uart'
Info: jtag_uart: "DE0_NANO_SOC_QSYS" instantiated altera_avalon_jtag_uart "jtag_uart"
Info: nios2_qsys: Starting RTL generation for module 'DE0_NANO_SOC_QSYS_nios2_qsys'
Info: nios2_qsys:   Generation command is [exec D:/mypc/quartus/quartus/quartus/bin64/eperlcmd.exe -I D:/mypc/quartus/quartus/quartus/bin64/perl/lib -I D:/mypc/quartus/quartus/quartus/sopc_builder/bin/europa -I D:/mypc/quartus/quartus/quartus/sopc_builder/bin/perl_lib -I D:/mypc/quartus/quartus/quartus/sopc_builder/bin -I D:/mypc/quartus/quartus/quartus/../ip/altera/nios2_ip/altera_nios2/cpu_lib -I D:/mypc/quartus/quartus/quartus/../ip/altera/nios2_ip/altera_nios2/nios_lib -I D:/mypc/quartus/quartus/quartus/../ip/altera/nios2_ip/altera_nios2 -I D:/mypc/quartus/quartus/quartus/../ip/altera/nios2_ip/altera_nios2 -- D:/mypc/quartus/quartus/quartus/../ip/altera/nios2_ip/altera_nios2/generate_rtl.epl --name=DE0_NANO_SOC_QSYS_nios2_qsys --dir=C:/Users/24374/AppData/Local/Temp/alt8572_3494752404513213931.dir/0003_nios2_qsys_gen/ --quartus_bindir=D:/mypc/quartus/quartus/quartus/bin64 --verilog --config=C:/Users/24374/AppData/Local/Temp/alt8572_3494752404513213931.dir/0003_nios2_qsys_gen//DE0_NANO_SOC_QSYS_nios2_qsys_processor_configuration.pl  --do_build_sim=0  ]
Info: nios2_qsys: # 2020.11.06 15:25:37 (*) Starting Nios II generation
Info: nios2_qsys: # 2020.11.06 15:25:37 (*)   Checking for plaintext license.
Info: nios2_qsys: # 2020.11.06 15:25:37 (*)   Couldn't query license setup in Quartus directory D:/mypc/quartus/quartus/quartus/bin64
Info: nios2_qsys: # 2020.11.06 15:25:37 (*)   Defaulting to contents of LM_LICENSE_FILE environment variable
Info: nios2_qsys: # 2020.11.06 15:25:37 (*)   LM_LICENSE_FILE environment variable is empty
Info: nios2_qsys: # 2020.11.06 15:25:37 (*)   Plaintext license not found.
Info: nios2_qsys: # 2020.11.06 15:25:37 (*)   Checking for encrypted license (non-evaluation).
Info: nios2_qsys: # 2020.11.06 15:25:37 (*)   Couldn't query license setup in Quartus directory D:/mypc/quartus/quartus/quartus/bin64
Info: nios2_qsys: # 2020.11.06 15:25:37 (*)   Defaulting to contents of LM_LICENSE_FILE environment variable
Info: nios2_qsys: # 2020.11.06 15:25:37 (*)   LM_LICENSE_FILE environment variable is empty
Info: nios2_qsys: # 2020.11.06 15:25:37 (*)   Encrypted license not found.  Defaulting to OCP evaluation license (produces a time-limited SOF)
Info: nios2_qsys: # 2020.11.06 15:25:37 (*)   Elaborating CPU configuration settings
Info: nios2_qsys: # 2020.11.06 15:25:37 (*)   Creating all objects for CPU
Info: nios2_qsys: # 2020.11.06 15:25:37 (*)     Testbench
Info: nios2_qsys: # 2020.11.06 15:25:38 (*)     Instruction decoding
Info: nios2_qsys: # 2020.11.06 15:25:38 (*)       Instruction fields
Info: nios2_qsys: # 2020.11.06 15:25:38 (*)       Instruction decodes
Info: nios2_qsys: # 2020.11.06 15:25:38 (*)       Signals for RTL simulation waveforms
Info: nios2_qsys: # 2020.11.06 15:25:38 (*)       Instruction controls
Info: nios2_qsys: # 2020.11.06 15:25:38 (*)     Pipeline frontend
Info: nios2_qsys: # 2020.11.06 15:25:38 (*)     Pipeline backend
Info: nios2_qsys: # 2020.11.06 15:25:40 (*)   Generating RTL from CPU objects
Info: nios2_qsys: # 2020.11.06 15:25:42 (*)   Creating encrypted RTL
Info: nios2_qsys: # 2020.11.06 15:25:42 (*) Done Nios II generation
Info: nios2_qsys: Done RTL generation for module 'DE0_NANO_SOC_QSYS_nios2_qsys'
Info: nios2_qsys: "DE0_NANO_SOC_QSYS" instantiated altera_nios2_qsys "nios2_qsys"
Info: onchip_memory2: Starting RTL generation for module 'DE0_NANO_SOC_QSYS_onchip_memory2'
Info: onchip_memory2:   Generation command is [exec D:/mypc/quartus/quartus/quartus/bin64/perl/bin/perl.exe -I D:/mypc/quartus/quartus/quartus/bin64/perl/lib -I D:/mypc/quartus/quartus/quartus/sopc_builder/bin/europa -I D:/mypc/quartus/quartus/quartus/sopc_builder/bin/perl_lib -I D:/mypc/quartus/quartus/quartus/sopc_builder/bin -I D:/mypc/quartus/quartus/quartus/../ip/altera/sopc_builder_ip/common -I D:/mypc/quartus/quartus/quartus/../ip/altera/sopc_builder_ip/altera_avalon_onchip_memory2 -- D:/mypc/quartus/quartus/quartus/../ip/altera/sopc_builder_ip/altera_avalon_onchip_memory2/generate_rtl.pl --name=DE0_NANO_SOC_QSYS_onchip_memory2 --dir=C:/Users/24374/AppData/Local/Temp/alt8572_3494752404513213931.dir/0004_onchip_memory2_gen/ --quartus_dir=D:/mypc/quartus/quartus/quartus --verilog --config=C:/Users/24374/AppData/Local/Temp/alt8572_3494752404513213931.dir/0004_onchip_memory2_gen//DE0_NANO_SOC_QSYS_onchip_memory2_component_configuration.pl  --do_build_sim=0  ]
Info: onchip_memory2: Done RTL generation for module 'DE0_NANO_SOC_QSYS_onchip_memory2'
Info: onchip_memory2: "DE0_NANO_SOC_QSYS" instantiated altera_avalon_onchip_memory2 "onchip_memory2"
Info: pll_sys: "DE0_NANO_SOC_QSYS" instantiated altera_pll "pll_sys"
Info: sw: Starting RTL generation for module 'DE0_NANO_SOC_QSYS_sw'
Info: sw:   Generation command is [exec D:/mypc/quartus/quartus/quartus/bin64/perl/bin/perl.exe -I D:/mypc/quartus/quartus/quartus/bin64/perl/lib -I D:/mypc/quartus/quartus/quartus/sopc_builder/bin/europa -I D:/mypc/quartus/quartus/quartus/sopc_builder/bin/perl_lib -I D:/mypc/quartus/quartus/quartus/sopc_builder/bin -I D:/mypc/quartus/quartus/quartus/../ip/altera/sopc_builder_ip/common -I D:/mypc/quartus/quartus/quartus/../ip/altera/sopc_builder_ip/altera_avalon_pio -- D:/mypc/quartus/quartus/quartus/../ip/altera/sopc_builder_ip/altera_avalon_pio/generate_rtl.pl --name=DE0_NANO_SOC_QSYS_sw --dir=C:/Users/24374/AppData/Local/Temp/alt8572_3494752404513213931.dir/0006_sw_gen/ --quartus_dir=D:/mypc/quartus/quartus/quartus --verilog --config=C:/Users/24374/AppData/Local/Temp/alt8572_3494752404513213931.dir/0006_sw_gen//DE0_NANO_SOC_QSYS_sw_component_configuration.pl  --do_build_sim=0  ]
Info: sw: Done RTL generation for module 'DE0_NANO_SOC_QSYS_sw'
Info: sw: "DE0_NANO_SOC_QSYS" instantiated altera_avalon_pio "sw"
Info: sysid_qsys: "DE0_NANO_SOC_QSYS" instantiated altera_avalon_sysid_qsys "sysid_qsys"
Info: telemetre_us_inst: "DE0_NANO_SOC_QSYS" instantiated telemetre_us "telemetre_us_inst"
Info: avalon_st_adapter: Inserting error_adapter: error_adapter_0
Info: avalon_st_adapter_001: Inserting error_adapter: error_adapter_0
Info: avalon_st_adapter_002: Inserting error_adapter: error_adapter_0
Info: avalon_st_adapter_003: Inserting error_adapter: error_adapter_0
Info: avalon_st_adapter_004: Inserting error_adapter: error_adapter_0
Info: avalon_st_adapter_005: Inserting error_adapter: error_adapter_0
Info: avalon_st_adapter_006: Inserting error_adapter: error_adapter_0
Info: mm_interconnect_0: "DE0_NANO_SOC_QSYS" instantiated altera_mm_interconnect "mm_interconnect_0"
Info: irq_mapper: "DE0_NANO_SOC_QSYS" instantiated altera_irq_mapper "irq_mapper"
Info: rst_controller: "DE0_NANO_SOC_QSYS" instantiated altera_reset_controller "rst_controller"
Info: nios2_qsys_data_master_translator: "mm_interconnect_0" instantiated altera_merlin_master_translator "nios2_qsys_data_master_translator"
Info: jtag_uart_avalon_jtag_slave_translator: "mm_interconnect_0" instantiated altera_merlin_slave_translator "jtag_uart_avalon_jtag_slave_translator"
Info: nios2_qsys_data_master_agent: "mm_interconnect_0" instantiated altera_merlin_master_agent "nios2_qsys_data_master_agent"
Info: jtag_uart_avalon_jtag_slave_agent: "mm_interconnect_0" instantiated altera_merlin_slave_agent "jtag_uart_avalon_jtag_slave_agent"
Info: jtag_uart_avalon_jtag_slave_agent_rsp_fifo: "mm_interconnect_0" instantiated altera_avalon_sc_fifo "jtag_uart_avalon_jtag_slave_agent_rsp_fifo"
Info: router: "mm_interconnect_0" instantiated altera_merlin_router "router"
Info: router_001: "mm_interconnect_0" instantiated altera_merlin_router "router_001"
Info: router_002: "mm_interconnect_0" instantiated altera_merlin_router "router_002"
Info: router_005: "mm_interconnect_0" instantiated altera_merlin_router "router_005"
Info: nios2_qsys_data_master_limiter: "mm_interconnect_0" instantiated altera_merlin_traffic_limiter "nios2_qsys_data_master_limiter"
Info: Reusing file D:/S7/archi_de_processeur/mini_projet/DE0_NANO_SOC_ADC_Source/DE0_NANO_SOC_QSYS/synthesis/submodules/altera_avalon_sc_fifo.v
Info: cmd_demux: "mm_interconnect_0" instantiated altera_merlin_demultiplexer "cmd_demux"
Info: cmd_demux_001: "mm_interconnect_0" instantiated altera_merlin_demultiplexer "cmd_demux_001"
Info: cmd_mux: "mm_interconnect_0" instantiated altera_merlin_multiplexer "cmd_mux"
Info: cmd_mux_003: "mm_interconnect_0" instantiated altera_merlin_multiplexer "cmd_mux_003"
Info: Reusing file D:/S7/archi_de_processeur/mini_projet/DE0_NANO_SOC_ADC_Source/DE0_NANO_SOC_QSYS/synthesis/submodules/altera_merlin_arbitrator.sv
Info: rsp_demux: "mm_interconnect_0" instantiated altera_merlin_demultiplexer "rsp_demux"
Info: rsp_demux_001: "mm_interconnect_0" instantiated altera_merlin_demultiplexer "rsp_demux_001"
Info: rsp_demux_003: "mm_interconnect_0" instantiated altera_merlin_demultiplexer "rsp_demux_003"
Info: rsp_mux: "mm_interconnect_0" instantiated altera_merlin_multiplexer "rsp_mux"
Info: Reusing file D:/S7/archi_de_processeur/mini_projet/DE0_NANO_SOC_ADC_Source/DE0_NANO_SOC_QSYS/synthesis/submodules/altera_merlin_arbitrator.sv
Info: rsp_mux_001: "mm_interconnect_0" instantiated altera_merlin_multiplexer "rsp_mux_001"
Info: Reusing file D:/S7/archi_de_processeur/mini_projet/DE0_NANO_SOC_ADC_Source/DE0_NANO_SOC_QSYS/synthesis/submodules/altera_merlin_arbitrator.sv
Info: crosser: "mm_interconnect_0" instantiated altera_avalon_st_handshake_clock_crosser "crosser"
Info: Reusing file D:/S7/archi_de_processeur/mini_projet/DE0_NANO_SOC_ADC_Source/DE0_NANO_SOC_QSYS/synthesis/submodules/altera_avalon_st_pipeline_base.v
Info: avalon_st_adapter: "mm_interconnect_0" instantiated altera_avalon_st_adapter "avalon_st_adapter"
Info: error_adapter_0: "avalon_st_adapter" instantiated error_adapter "error_adapter_0"
Info: DE0_NANO_SOC_QSYS: Done "DE0_NANO_SOC_QSYS" with 34 modules, 64 files
Info: qsys-generate succeeded.
Info: Finished: Create HDL design files for synthesis
