Flow report for DE0_NANO_SOC_ADC
Wed Nov 11 16:02:02 2020
Quartus Prime Version 17.0.0 Build 595 04/25/2017 SJ Lite Edition


---------------------
; Table of Contents ;
---------------------
  1. Legal Notice
  2. Flow Summary
  3. Flow Settings
  4. Flow Non-Default Global Settings
  5. Flow Elapsed Time
  6. Flow OS Summary
  7. Flow Log
  8. Flow Messages
  9. Flow Suppressed Messages



----------------
; Legal Notice ;
----------------
Copyright (C) 2017  Intel Corporation. All rights reserved.
Your use of Intel Corporation's design tools, logic functions 
and other software and tools, and its AMPP partner logic 
functions, and any output files from any of the foregoing 
(including device programming or simulation files), and any 
associated documentation or information are expressly subject 
to the terms and conditions of the Intel Program License 
Subscription Agreement, the Intel Quartus Prime License Agreement,
the Intel MegaCore Function License Agreement, or other 
applicable license agreement, including, without limitation, 
that your use is for the sole purpose of programming logic 
devices manufactured by Intel and sold by Intel or its 
authorized distributors.  Please refer to the applicable 
agreement for further details.



+-------------------------------------------------------------------------------+
; Flow Summary                                                                  ;
+---------------------------------+---------------------------------------------+
; Flow Status                     ; Successful - Wed Nov 11 16:01:46 2020       ;
; Quartus Prime Version           ; 17.0.0 Build 595 04/25/2017 SJ Lite Edition ;
; Revision Name                   ; DE0_NANO_SOC_ADC                            ;
; Top-level Entity Name           ; DE0_nano_SoC_ADC                            ;
; Family                          ; Cyclone V                                   ;
; Device                          ; 5CSEMA4U23C6                                ;
; Timing Models                   ; Final                                       ;
; Logic utilization (in ALMs)     ; 1,696 / 15,880 ( 11 % )                     ;
; Total registers                 ; 2696                                        ;
; Total pins                      ; 93 / 314 ( 30 % )                           ;
; Total virtual pins              ; 0                                           ;
; Total block memory bits         ; 1,368,512 / 2,764,800 ( 49 % )              ;
; Total DSP Blocks                ; 2 / 84 ( 2 % )                              ;
; Total HSSI RX PCSs              ; 0                                           ;
; Total HSSI PMA RX Deserializers ; 0                                           ;
; Total HSSI TX PCSs              ; 0                                           ;
; Total HSSI PMA TX Serializers   ; 0                                           ;
; Total PLLs                      ; 1 / 5 ( 20 % )                              ;
; Total DLLs                      ; 0 / 4 ( 0 % )                               ;
+---------------------------------+---------------------------------------------+


+-----------------------------------------+
; Flow Settings                           ;
+-------------------+---------------------+
; Option            ; Setting             ;
+-------------------+---------------------+
; Start date & time ; 11/11/2020 15:58:10 ;
; Main task         ; Compilation         ;
; Revision Name     ; DE0_NANO_SOC_ADC    ;
+-------------------+---------------------+


+------------------------------------------------------------------------------------------------------------------------------------------------------------+
; Flow Non-Default Global Settings                                                                                                                           ;
+-------------------------------------+---------------------------------------------------------------------+---------------+-------------------+------------+
; Assignment Name                     ; Value                                                               ; Default Value ; Entity Name       ; Section Id ;
+-------------------------------------+---------------------------------------------------------------------+---------------+-------------------+------------+
; COMPILER_SIGNATURE_ID               ; 224610591699843.160510668922576                                     ; --            ; --                ; --         ;
; MAX_CORE_JUNCTION_TEMP              ; 85                                                                  ; --            ; --                ; --         ;
; MIN_CORE_JUNCTION_TEMP              ; 0                                                                   ; --            ; --                ; --         ;
; MISC_FILE                           ; DE0_NANO_SOC_QSYS/synthesis/../DE0_NANO_SOC_QSYS.cmp                ; --            ; --                ; --         ;
; MISC_FILE                           ; DE0_NANO_SOC_QSYS/synthesis/../../DE0_NANO_SOC_QSYS.qsys            ; --            ; --                ; --         ;
; PARTITION_COLOR                     ; -- (Not supported for targeted family)                              ; --            ; DE0_nano_SoC_ADC  ; Top        ;
; PARTITION_FITTER_PRESERVATION_LEVEL ; -- (Not supported for targeted family)                              ; --            ; DE0_nano_SoC_ADC  ; Top        ;
; PARTITION_NETLIST_TYPE              ; -- (Not supported for targeted family)                              ; --            ; DE0_nano_SoC_ADC  ; Top        ;
; POWER_BOARD_THERMAL_MODEL           ; None (CONSERVATIVE)                                                 ; --            ; --                ; --         ;
; POWER_PRESET_COOLING_SOLUTION       ; 23 MM HEAT SINK WITH 200 LFPM AIRFLOW                               ; --            ; --                ; --         ;
; SLD_FILE                            ; DE0_NANO_SOC_QSYS/synthesis/DE0_NANO_SOC_QSYS.regmap                ; --            ; --                ; --         ;
; SLD_FILE                            ; DE0_NANO_SOC_QSYS/synthesis/DE0_NANO_SOC_QSYS.debuginfo             ; --            ; --                ; --         ;
; SLD_INFO                            ; QSYS_NAME DE0_NANO_SOC_QSYS HAS_SOPCINFO 1 GENERATION_ID 1604675535 ; --            ; DE0_NANO_SOC_QSYS ; --         ;
; SOPCINFO_FILE                       ; DE0_NANO_SOC_QSYS/synthesis/../../DE0_NANO_SOC_QSYS.sopcinfo        ; --            ; --                ; --         ;
; SYNTHESIS_ONLY_QIP                  ; On                                                                  ; --            ; --                ; --         ;
+-------------------------------------+---------------------------------------------------------------------+---------------+-------------------+------------+


+-------------------------------------------------------------------------------------------------------------------------------+
; Flow Elapsed Time                                                                                                             ;
+---------------------------+--------------+-------------------------+---------------------+------------------------------------+
; Module Name               ; Elapsed Time ; Average Processors Used ; Peak Virtual Memory ; Total CPU Time (on all processors) ;
+---------------------------+--------------+-------------------------+---------------------+------------------------------------+
; Analysis & Synthesis      ; 00:00:49     ; 1.0                     ; 5064 MB             ; 00:01:11                           ;
; Fitter                    ; 00:02:31     ; 1.2                     ; 6678 MB             ; 00:11:27                           ;
; Assembler                 ; 00:00:08     ; 1.0                     ; 4881 MB             ; 00:00:08                           ;
; TimeQuest Timing Analyzer ; 00:00:14     ; 2.3                     ; 5242 MB             ; 00:00:29                           ;
; Total                     ; 00:03:42     ; --                      ; --                  ; 00:13:15                           ;
+---------------------------+--------------+-------------------------+---------------------+------------------------------------+


+-----------------------------------------------------------------------------------------+
; Flow OS Summary                                                                         ;
+---------------------------+------------------+------------+------------+----------------+
; Module Name               ; Machine Hostname ; OS Name    ; OS Version ; Processor type ;
+---------------------------+------------------+------------+------------+----------------+
; Analysis & Synthesis      ; DESKTOP-A96MN71  ; Windows 10 ; 10.0       ; x86_64         ;
; Fitter                    ; DESKTOP-A96MN71  ; Windows 10 ; 10.0       ; x86_64         ;
; Assembler                 ; DESKTOP-A96MN71  ; Windows 10 ; 10.0       ; x86_64         ;
; TimeQuest Timing Analyzer ; DESKTOP-A96MN71  ; Windows 10 ; 10.0       ; x86_64         ;
+---------------------------+------------------+------------+------------+----------------+


------------
; Flow Log ;
------------
quartus_map --read_settings_files=on --write_settings_files=off DE0_NANO_SOC_ADC -c DE0_NANO_SOC_ADC
quartus_fit --read_settings_files=off --write_settings_files=off DE0_NANO_SOC_ADC -c DE0_NANO_SOC_ADC
quartus_asm --read_settings_files=off --write_settings_files=off DE0_NANO_SOC_ADC -c DE0_NANO_SOC_ADC
quartus_sta DE0_NANO_SOC_ADC -c DE0_NANO_SOC_ADC



